TN:
SF:src/app.ts
FNF:0
FNH:0
DA:8,2
DA:10,2
DA:12,2
DA:13,2
LF:4
LH:4
BRF:0
BRH:0
end_of_record
TN:
SF:src/index.ts
FN:8,(anonymous_0)
FNF:1
FNH:1
FNDA:1,(anonymous_0)
DA:13,1
DA:14,1
LF:2
LH:2
BRF:0
BRH:0
end_of_record
TN:
SF:src/app/controllers/health.ts
FN:5,getHealth
FNF:1
FNH:1
FNDA:3,getHealth
DA:6,3
LF:1
LH:1
BRF:0
BRH:0
end_of_record
TN:
SF:src/app/controllers/lospec-palettes.ts
FN:11,parsePage
FN:23,normalizeQueryValue
FN:28,parseListLospecPalettesOptions
FN:43,getLospecPalettes
FNF:4
FNH:4
FNDA:3,parsePage
FNDA:4,normalizeQueryValue
FNDA:3,parseListLospecPalettesOptions
FNDA:3,getLospecPalettes
DA:12,3
DA:13,1
DA:16,2
DA:17,1
DA:20,1
DA:24,4
DA:25,4
DA:31,3
DA:32,3
DA:33,1
DA:36,2
DA:46,3
DA:47,3
DA:48,1
DA:56,2
DA:57,2
DA:58,2
DA:59,1
DA:62,1
DA:63,1
LF:20
LH:20
BRDA:12,0,0,1
BRDA:12,0,1,2
BRDA:16,1,0,1
BRDA:16,1,1,1
BRDA:25,2,0,2
BRDA:25,2,1,2
BRDA:32,3,0,1
BRDA:32,3,1,2
BRDA:47,4,0,1
BRDA:47,4,1,2
BRDA:56,5,0,2
BRDA:56,5,1,2
BRDA:58,6,0,1
BRDA:58,6,1,1
BRF:14
BRH:14
end_of_record
TN:
SF:src/app/middleware/cors.ts
FN:9,applyCorsHeaders
FN:16,(anonymous_1)
FNF:2
FNH:2
FNDA:2,applyCorsHeaders
FNDA:8,(anonymous_1)
DA:10,2
DA:11,2
DA:12,2
DA:13,2
DA:16,2
DA:20,8
DA:21,8
DA:23,8
DA:24,1
DA:25,1
DA:28,7
DA:29,4
DA:30,4
DA:33,3
DA:34,1
DA:37,2
DA:38,1
DA:39,1
DA:40,1
DA:43,1
DA:44,1
LF:21
LH:21
BRDA:23,0,0,1
BRDA:23,0,1,7
BRDA:23,1,0,8
BRDA:23,1,1,8
BRDA:28,2,0,4
BRDA:28,2,1,3
BRDA:33,3,0,1
BRDA:33,3,1,2
BRDA:37,4,0,1
BRDA:37,4,1,1
BRF:10
BRH:10
end_of_record
TN:
SF:src/app/models/lospec-palette.ts
FN:50,isRecord
FN:54,isLospecPaletteApiItem
FN:60,asNullableString
FN:64,normalizePaletteUser
FN:76,normalizePaletteExampleImage
FN:80,normalizePaletteExamples
FN:87,(anonymous_6)
FN:106,serializeJsonField
FN:114,deserializeJsonField
FN:126,mapPaletteToRow
FN:142,mapRowToResponse
FNF:11
FNH:11
FNDA:11,isRecord
FNDA:4,isLospecPaletteApiItem
FNDA:14,asNullableString
FNDA:3,normalizePaletteUser
FNDA:3,normalizePaletteExampleImage
FNDA:3,normalizePaletteExamples
FNDA:4,(anonymous_6)
FNDA:3,serializeJsonField
FNDA:8,deserializeJsonField
FNDA:1,mapPaletteToRow
FNDA:2,mapRowToResponse
DA:51,11
DA:57,4
DA:61,14
DA:65,3
DA:66,0
DA:69,3
DA:70,0
DA:73,3
DA:77,3
DA:83,3
DA:84,0
DA:87,3
DA:88,4
DA:89,0
DA:92,4
DA:93,4
DA:94,1
DA:97,3
DA:107,3
DA:108,0
DA:111,3
DA:115,8
DA:116,0
DA:119,8
DA:120,8
DA:122,1
DA:129,1
DA:143,2
DA:144,2
DA:146,2
LF:30
LH:24
BRDA:51,0,0,11
BRDA:51,0,1,11
BRDA:57,1,0,4
BRDA:57,1,1,4
BRDA:61,2,0,13
BRDA:61,2,1,1
BRDA:65,3,0,0
BRDA:65,3,1,3
BRDA:69,4,0,0
BRDA:69,4,1,3
BRDA:83,5,0,0
BRDA:83,5,1,3
BRDA:88,6,0,0
BRDA:88,6,1,4
BRDA:93,7,0,1
BRDA:93,7,1,3
BRDA:107,8,0,0
BRDA:107,8,1,3
BRDA:107,9,0,3
BRDA:107,9,1,3
BRDA:115,10,0,0
BRDA:115,10,1,8
BRF:22
BRH:16
end_of_record
TN:
SF:src/app/routes/health.ts
FN:6,registerHealthRoutes
FNF:1
FNH:1
FNDA:2,registerHealthRoutes
DA:7,2
LF:1
LH:1
BRF:0
BRH:0
end_of_record
TN:
SF:src/app/routes/lospec-palettes.ts
FN:6,registerLospecPaletteRoutes
FNF:1
FNH:1
FNDA:2,registerLospecPaletteRoutes
DA:7,2
LF:1
LH:1
BRF:0
BRH:0
end_of_record
TN:
SF:src/app/services/lospec-api.ts
FN:7,fetchLospecPalettePage
FNF:1
FNH:1
FNDA:3,fetchLospecPalettePage
DA:11,3
DA:12,3
DA:13,3
DA:14,3
DA:15,3
DA:17,3
DA:18,3
DA:19,1
DA:22,2
DA:23,2
DA:24,1
DA:27,1
LF:12
LH:12
BRDA:18,0,0,1
BRDA:18,0,1,2
BRDA:23,1,0,1
BRDA:23,1,1,1
BRF:4
BRH:4
end_of_record
TN:
SF:src/app/services/lospec-palettes-repository.ts
FN:9,getExistingPaletteIds
FN:17,(anonymous_1)
FN:23,(anonymous_2)
FN:26,insertPalettes
FN:34,(anonymous_4)
FN:68,listPalettes
FNF:6
FNH:6
FNDA:2,getExistingPaletteIds
FNDA:2,(anonymous_1)
FNDA:2,(anonymous_2)
FNDA:2,insertPalettes
FNDA:1,(anonymous_4)
FNDA:1,listPalettes
DA:13,2
DA:14,1
DA:17,2
DA:18,1
DA:21,1
DA:23,2
DA:30,2
DA:31,1
DA:34,1
DA:35,1
DA:37,1
DA:64,1
DA:65,1
DA:72,1
DA:73,1
DA:75,1
DA:76,1
DA:77,1
DA:80,1
DA:81,1
DA:86,1
DA:90,1
DA:91,1
DA:93,1
DA:113,1
LF:25
LH:25
BRDA:13,0,0,1
BRDA:13,0,1,1
BRDA:30,1,0,1
BRDA:30,1,1,1
BRDA:75,2,0,1
BRDA:75,2,1,0
BRDA:80,3,0,1
BRDA:80,3,1,0
BRDA:90,4,0,1
BRDA:90,4,1,0
BRF:10
BRH:7
end_of_record
TN:
SF:src/config/constants.ts
FNF:0
FNH:0
DA:1,3
DA:10,3
DA:11,3
DA:12,3
DA:13,3
LF:5
LH:5
BRF:0
BRH:0
end_of_record
TN:
SF:src/jobs/sync-palettes.ts
FN:8,syncPalettes
FN:26,(anonymous_1)
FN:28,(anonymous_2)
FNF:3
FNH:3
FNDA:4,syncPalettes
FNDA:2,(anonymous_1)
FNDA:2,(anonymous_2)
DA:12,4
DA:13,4
DA:14,4
DA:16,4
DA:17,5
DA:18,5
DA:19,3
DA:20,1
DA:21,1
DA:24,2
DA:26,2
DA:28,2
DA:29,2
DA:31,2
DA:33,2
DA:34,2
DA:36,2
DA:40,2
DA:41,1
DA:44,1
DA:47,1
DA:49,2
DA:50,1
DA:51,1
DA:54,1
DA:55,1
DA:59,3
LF:27
LH:27
BRDA:19,0,0,1
BRDA:19,0,1,2
BRDA:40,1,0,1
BRDA:40,1,1,1
BRDA:49,2,0,1
BRDA:49,2,1,1
BRF:6
BRH:6
end_of_record
